<!DOCTYPE html>
<html>
<head>
    <title>Unittest Results</title>
    <meta charset="utf-8">
    <meta name="viewport" content="width=device-width, initial-scale=1.0">
    <link rel="stylesheet" href="https://maxcdn.bootstrapcdn.com/bootstrap/3.3.6/css/bootstrap.min.css" integrity="sha384-1q8mTJOASx8j1Au+a5WDVnPi2lkFfwwEAa8hDDdjZlpLegxhjVME1fgjWPGmkzs7" crossorigin="anonymous">
</head>
<body>
    <div class="container">
        <div class="row">
            <div class="col-xs-12">
                <h2 class="text-capitalize">Unittest Results</h2>
                <p class='attribute'><strong>Start Time: </strong>2022-11-26 16:03:49</p>
                <p class='attribute'><strong>Duration: </strong>176.37 s</p>
                <p class='attribute'><strong>Summary: </strong>Total: 11, Pass: 8, Fail: 2, Error: 1</p>
            </div>
        </div>
        <div class="row">
            <div class="col-xs-12 col-sm-10 col-md-10">
                <table class='table table-hover table-responsive'>
                    <thead>
                        <tr>
                            <th>System_Admin.Questions.QUESTIONS_ADMIN</th>
                            <th>Status</th>
                            <th></th>
                        </tr>
                    </thead>
                    <tbody>
                        <tr class='success'>
                            <td class="col-xs-10">test_255Question</td>
                            <td class="col-xs-1">
                                <span class="label label-success" style="display:block;width:40px;">Pass</span>
                            </td>
                            <td class="col-xs-1">
                            </td>
                        </tr>
                        <tr class='success'>
                            <td class="col-xs-10">test_256Question</td>
                            <td class="col-xs-1">
                                <span class="label label-success" style="display:block;width:40px;">Pass</span>
                            </td>
                            <td class="col-xs-1">
                            </td>
                        </tr>
                        <tr class='danger'>
                            <td class="col-xs-10">test_LikertResponse</td>
                            <td class="col-xs-1">
                                <span class="label label-danger" style="display:block;width:40px;">Fail</span>
                            </td>
                            <td class="col-xs-1">
                                <button class="btn btn-default btn-xs">View</button>
                            </td>
                        </tr>
                        <tr style="display:none;">
                            <td class="col-xs-9" colspan="3"><p style="color:maroon;">AssertionError: </p><p style="color:maroon;">Traceback (most recent call last):
  File "/home/fladdra/Desktop/Meenaz/Testing/Selenium Zunoks-360-Feedback/Alpha_Testing/System_Admin/Questions.py", line 648, in test_LikertResponse
    assert False
AssertionError
</p>
                            </td>
                        </tr>
                        <tr class='success'>
                            <td class="col-xs-10">test_MCQResponse</td>
                            <td class="col-xs-1">
                                <span class="label label-success" style="display:block;width:40px;">Pass</span>
                            </td>
                            <td class="col-xs-1">
                            </td>
                        </tr>
                        <tr class='danger'>
                            <td class="col-xs-10">test_MultipleMCQResponse</td>
                            <td class="col-xs-1">
                                <span class="label label-danger" style="display:block;width:40px;">Fail</span>
                            </td>
                            <td class="col-xs-1">
                                <button class="btn btn-default btn-xs">View</button>
                            </td>
                        </tr>
                        <tr style="display:none;">
                            <td class="col-xs-9" colspan="3"><p style="color:maroon;">AssertionError: </p><p style="color:maroon;">Traceback (most recent call last):
  File "/home/fladdra/Desktop/Meenaz/Testing/Selenium Zunoks-360-Feedback/Alpha_Testing/System_Admin/Questions.py", line 573, in test_MultipleMCQResponse
    assert False
AssertionError
</p>
                            </td>
                        </tr>
                        <tr class='success'>
                            <td class="col-xs-10">test_allAssessment</td>
                            <td class="col-xs-1">
                                <span class="label label-success" style="display:block;width:40px;">Pass</span>
                            </td>
                            <td class="col-xs-1">
                            </td>
                        </tr>
                        <tr class='success'>
                            <td class="col-xs-10">test_blankAssessment</td>
                            <td class="col-xs-1">
                                <span class="label label-success" style="display:block;width:40px;">Pass</span>
                            </td>
                            <td class="col-xs-1">
                            </td>
                        </tr>
                        <tr class='success'>
                            <td class="col-xs-10">test_blankQuestion</td>
                            <td class="col-xs-1">
                                <span class="label label-success" style="display:block;width:40px;">Pass</span>
                            </td>
                            <td class="col-xs-1">
                            </td>
                        </tr>
                        <tr class='success'>
                            <td class="col-xs-10">test_blankResponseType</td>
                            <td class="col-xs-1">
                                <span class="label label-success" style="display:block;width:40px;">Pass</span>
                            </td>
                            <td class="col-xs-1">
                            </td>
                        </tr>
                        <tr class='success'>
                            <td class="col-xs-10">test_textResponse</td>
                            <td class="col-xs-1">
                                <span class="label label-success" style="display:block;width:40px;">Pass</span>
                            </td>
                            <td class="col-xs-1">
                            </td>
                        </tr>
                        <tr class='warning'>
                            <td class="col-xs-10">test_yes_noResponse</td>
                            <td class="col-xs-1">
                                <span class="label label-warning" style="display:block;width:40px;">Error</span>
                            </td>
                            <td class="col-xs-1">
                                <button class="btn btn-default btn-xs">View</button>
                            </td>
                        </tr>
                        <tr style="display:none;">
                            <td class="col-xs-9" colspan="3"><p style="color:maroon;">StaleElementReferenceException: Message: stale element reference: element is not attached to the page document
  (Session info: chrome=101.0.4951.64)
Stacktrace:
#0 0x55c4ef0df533 <unknown>
#1 0x55c4eee3e1e8 <unknown>
#2 0x55c4eee410a7 <unknown>
#3 0x55c4eee40f4b <unknown>
#4 0x55c4eee4120c <unknown>
#5 0x55c4eee75e96 <unknown>
#6 0x55c4eee693a6 <unknown>
#7 0x55c4eee91f42 <unknown>
#8 0x55c4eee68d63 <unknown>
#9 0x55c4eee9204e <unknown>
#10 0x55c4eeea5224 <unknown>
#11 0x55c4eee91e33 <unknown>
#12 0x55c4eee6771a <unknown>
#13 0x55c4eee68875 <unknown>
#14 0x55c4ef123e1d <unknown>
#15 0x55c4ef127751 <unknown>
#16 0x55c4ef10e07e <unknown>
#17 0x55c4ef128388 <unknown>
#18 0x55c4ef102fe0 <unknown>
#19 0x55c4ef144748 <unknown>
#20 0x55c4ef1448c8 <unknown>
#21 0x55c4ef15e70d <unknown>
#22 0x7f3180db1609 <unknown>
</p><p style="color:maroon;">Traceback (most recent call last):
  File "/home/fladdra/Desktop/Meenaz/Testing/Selenium Zunoks-360-Feedback/Alpha_Testing/System_Admin/Questions.py", line 437, in test_yes_noResponse
    cancel.click()
  File "/home/fladdra/.local/lib/python3.8/site-packages/selenium/webdriver/remote/webelement.py", line 93, in click
    self._execute(Command.CLICK_ELEMENT)
  File "/home/fladdra/.local/lib/python3.8/site-packages/selenium/webdriver/remote/webelement.py", line 410, in _execute
    return self._parent.execute(command, params)
  File "/home/fladdra/.local/lib/python3.8/site-packages/selenium/webdriver/remote/webdriver.py", line 444, in execute
    self.error_handler.check_response(response)
  File "/home/fladdra/.local/lib/python3.8/site-packages/selenium/webdriver/remote/errorhandler.py", line 249, in check_response
    raise exception_class(message, screen, stacktrace)
selenium.common.exceptions.StaleElementReferenceException: Message: stale element reference: element is not attached to the page document
  (Session info: chrome=101.0.4951.64)
Stacktrace:
#0 0x55c4ef0df533 <unknown>
#1 0x55c4eee3e1e8 <unknown>
#2 0x55c4eee410a7 <unknown>
#3 0x55c4eee40f4b <unknown>
#4 0x55c4eee4120c <unknown>
#5 0x55c4eee75e96 <unknown>
#6 0x55c4eee693a6 <unknown>
#7 0x55c4eee91f42 <unknown>
#8 0x55c4eee68d63 <unknown>
#9 0x55c4eee9204e <unknown>
#10 0x55c4eeea5224 <unknown>
#11 0x55c4eee91e33 <unknown>
#12 0x55c4eee6771a <unknown>
#13 0x55c4eee68875 <unknown>
#14 0x55c4ef123e1d <unknown>
#15 0x55c4ef127751 <unknown>
#16 0x55c4ef10e07e <unknown>
#17 0x55c4ef128388 <unknown>
#18 0x55c4ef102fe0 <unknown>
#19 0x55c4ef144748 <unknown>
#20 0x55c4ef1448c8 <unknown>
#21 0x55c4ef15e70d <unknown>
#22 0x7f3180db1609 <unknown>

</p>
                            </td>
                        </tr>
                        <tr>
                            <td colspan="3">
                                Total: 11, Pass: 8, Fail: 2, Error: 1 -- Duration: 176.37 s
                            </td>
                        </tr>
                    </tbody>
                </table>
            </div>
        </div>
    </div>
    <script src="https://ajax.googleapis.com/ajax/libs/jquery/2.2.4/jquery.min.js"></script>
    <script type="text/javascript">
        $(document).ready(function(){
            $('td').on('click', '.btn', function(e){
                e.preventDefault();
                e.stopImmediatePropagation();
                var $this = $(this);
                var $nextRow = $this.closest('tr').next('tr');
                $nextRow.slideToggle("fast");
                $this.text(function(i, text){
                    if (text === 'View') {
                        return 'Hide';
                    } else {
                        return 'View';
                    };
                });
            });
        });
    </script>
</body>
</html